2024-02-12T12:51:20.582Z info: ::1 undefined undefined 200 /api/users/adduser - Adding Client user!!
2024-02-12T12:51:52.190Z info: ::1 1 R7-NgUFsngExO7NBnJ8masrNs6ZLcahO4dIIoGscT30 200 /api/users/login - Log In!!
2024-02-12T12:51:54.783Z info: ::1 200 /api/certificate/list - Get Certificates List
2024-02-12T12:53:15.434Z info: ::1 200 /api/certificate/list - Get Certificates List
2024-02-12T12:53:22.193Z info: ::1 200 /api/certificate/list - Get Certificates List
2024-02-13T11:14:26.981Z info: ::1 undefined undefined 200 /api/users/adduser - Adding Client user!!
2024-02-13T11:20:22.082Z info: ::1 2 3TuKPt5lGEfZljQDU-mDmf1c9VW3zk2R1LtgCHbZkHs 200 /api/users/login - Log In!!
2024-02-13T11:20:25.401Z info: ::1 200 /api/certificate/list - Get Certificates List
2024-02-13T11:21:57.770Z info: ::1 200 /api/certificate/list - Get Certificates List
2024-02-13T11:22:06.066Z info: ::1 undefined undefined 200 /api/certificate/download - Get Document 1707823293104.pdf
2024-02-13T12:16:55.868Z info: ::1 200 /api/certificate/list - Get Certificates List
2024-02-14T07:43:13.746Z info: ::1 2 rxmrbWoq2q4yPTTqrAjidpoUcdRHiToZSRMABI4jZik 200 /api/users/login - Log In!!
2024-02-14T07:43:16.562Z info: ::1 200 /api/certificate/list - Get Certificates List
2024-02-14T07:43:23.932Z info: ::1 undefined undefined 200 /api/certificate/download - Get Document 1707896146078.pdf
2024-02-16T07:49:16.442Z info: ::1 undefined undefined 200 /api/users/adduser - Adding Client user!!
2024-02-17T07:16:40.617Z info: ::1 1 gtTzskV2mPXp2w7DMjZ2q91NEojTopMcPSoUhZ1thaQ 200 /api/users/login - Log In!!
2024-02-17T07:16:44.290Z info: ::1 200 /api/certificate/list - Get Certificates List
2024-02-17T07:17:18.764Z info: ::1 undefined undefined 200 /api/certificate/download - Get Document 1708153140048.pdf
2024-02-17T07:54:32.694Z info: ::1 200 /api/certificate/list - Get Certificates List
2024-02-17T07:54:34.679Z info: ::1 undefined undefined 200 /api/certificate/download - Get Document 1708156289391.pdf
2024-02-17T07:57:31.997Z info: ::1 undefined undefined 200 /api/certificate/download - Get Document 1708156289391.pdf
2024-02-17T08:10:10.167Z info: ::1 200 /api/certificate/list - Get Certificates List
2024-02-17T08:12:49.299Z info: ::1 200 /api/certificate/list - Get Certificates List
2024-02-17T09:08:00.195Z info: ::1 1 DEhQfw11gf3VuMLypsdFafnykwbyUvBk4aavoZ88l84 200 /api/users/login - Log In!!
2024-02-17T09:08:02.382Z info: ::1 200 /api/certificate/list - Get Certificates List
2024-02-17T09:08:07.982Z info: ::1 undefined undefined 200 /api/certificate/download - Get Document 1708160758170.pdf
2024-02-17T09:53:52.753Z info: ::1 200 /api/certificate/list - Get Certificates List
2024-02-17T09:53:54.591Z info: ::1 undefined undefined 200 /api/certificate/download - Get Document 1708163554039.pdf
2024-02-17T09:56:43.517Z info: ::1 1 tqmTRCDlKNGoxZvof0wx47V7BrC6EI4rgmBYn4yp1HA 200 /api/users/login - Log In!!
2024-02-19T09:05:19.089Z error: ::1 undefined undefined 401 undefined - Customer Lab Not Exists!!
2024-02-19T09:05:19.128Z error: ::1 undefined undefined 401 undefined - Customer Lab Not Exists!!
2024-02-19T09:20:19.870Z error: ::1 undefined undefined 401 undefined - Customer Lab Not Exists!!
2024-02-19T09:20:19.891Z error: ::1 undefined undefined 401 undefined - Customer Lab Not Exists!!
2024-02-19T09:20:41.801Z error: ::1 undefined undefined 401 undefined - Customer Lab Not Exists!!
2024-02-19T09:20:41.815Z error: ::1 undefined undefined 401 undefined - Customer Lab Not Exists!!
2024-02-19T09:21:40.621Z error: ::1 undefined undefined 401 undefined - Customer Lab Not Exists!!
2024-02-19T09:39:38.030Z error: ::1 undefined undefined 401 undefined - Lab Already Exists!!
2024-02-19T10:06:56.103Z info: ::1 undefined undefined 200 /api/users/adduser - Adding Client user!!
2024-03-20T05:55:03.946Z info: ::1 undefined undefined 200 /api/users/adduser - Adding Client user!!
2024-04-09T12:57:17.683Z error: ::1 undefined undefined 401 Authorization - Error while Decoding Token!!
2024-04-09T12:57:47.512Z error: ::1 undefined undefined 500 undefined - All fields are required
2024-04-09T13:03:05.519Z error: ::1 undefined undefined 500 undefined - All fields are required
2024-04-09T13:03:08.004Z error: ::1 undefined undefined 500 undefined - All fields are required
2024-04-09T13:16:54.806Z error: ::1 undefined undefined 401 /api/users/login - Invalid Credentials!!
2024-04-09T13:17:36.018Z error: ::1 undefined undefined 400 /api/users/login - Invalid Request Params!!
2024-04-09T13:17:58.116Z error: ::1 undefined undefined 400 /api/users/login - Invalid Request Params!!
2024-04-09T13:18:50.508Z error: ::1 undefined undefined 400 /api/users/login - Invalid Request Params!!
2024-04-09T13:19:59.066Z error: ::1 undefined undefined 400 /api/users/login - Invalid Request Params!!
2024-04-09T13:21:01.744Z info: ::1 1 B1811--uQUCfGHtiGWptCCfg5GPpbrdAN_Ce6SFfBFw 200 /api/users/login - Log In!!
2024-04-09T13:21:56.211Z info: ::1 1 nJt7YkSw2Ujdw9t2f12GhyTLIj7jEhuIIguzucnIHLo 200 /api/users/login - Log In!!
2024-04-09T13:21:59.149Z info: ::1 200 /api/certificate/list - Get Certificates List
2024-04-09T13:22:58.998Z info: ::1 1 U4-rNMrcSMT1ZANHBOOw2ThWu2O9g21BtxF8w5HrPy4 200 /api/users/login - Log In!!
2024-04-09T13:44:46.172Z info: ::1 1 2DumExfxNKMppLvJQYVXu4R_vC7PgWnCLznK5jJSIyc 200 /api/users/login - Log In!!
2024-04-09T13:44:47.516Z info: ::1 200 /api/certificate/list - Get Certificates List
2024-04-09T13:55:22.339Z info: ::1 1 YJc7QOH_kcFeab3TSVxLuvvWULXOXw0IncfJtXRCe_Q 200 /api/users/login - Log In!!
2024-05-27T07:22:41.579Z info: ::1 undefined undefined 200 /api/users/adduser - Adding Client user!!
