2024-02-19T09:05:19.089Z error: ::1 undefined undefined 401 undefined - Customer Lab Not Exists!!
2024-02-19T09:05:19.128Z error: ::1 undefined undefined 401 undefined - Customer Lab Not Exists!!
2024-02-19T09:20:19.870Z error: ::1 undefined undefined 401 undefined - Customer Lab Not Exists!!
2024-02-19T09:20:19.891Z error: ::1 undefined undefined 401 undefined - Customer Lab Not Exists!!
2024-02-19T09:20:41.801Z error: ::1 undefined undefined 401 undefined - Customer Lab Not Exists!!
2024-02-19T09:20:41.815Z error: ::1 undefined undefined 401 undefined - Customer Lab Not Exists!!
2024-02-19T09:21:40.621Z error: ::1 undefined undefined 401 undefined - Customer Lab Not Exists!!
2024-02-19T09:39:38.030Z error: ::1 undefined undefined 401 undefined - Lab Already Exists!!
2024-04-09T12:57:17.683Z error: ::1 undefined undefined 401 Authorization - Error while Decoding Token!!
2024-04-09T12:57:47.512Z error: ::1 undefined undefined 500 undefined - All fields are required
2024-04-09T13:03:05.519Z error: ::1 undefined undefined 500 undefined - All fields are required
2024-04-09T13:03:08.004Z error: ::1 undefined undefined 500 undefined - All fields are required
2024-04-09T13:16:54.806Z error: ::1 undefined undefined 401 /api/users/login - Invalid Credentials!!
2024-04-09T13:17:36.018Z error: ::1 undefined undefined 400 /api/users/login - Invalid Request Params!!
2024-04-09T13:17:58.116Z error: ::1 undefined undefined 400 /api/users/login - Invalid Request Params!!
2024-04-09T13:18:50.508Z error: ::1 undefined undefined 400 /api/users/login - Invalid Request Params!!
2024-04-09T13:19:59.066Z error: ::1 undefined undefined 400 /api/users/login - Invalid Request Params!!
2026-04-16T11:35:00.574Z error: ::1 undefined undefined 500 /api/certificate/list - Internal Server Error!!SequelizeDatabaseError: column "filename" does not exist
2026-04-16T11:35:14.884Z error: ::1 undefined undefined 500 /api/certificate/list - Internal Server Error!!SequelizeDatabaseError: column "filename" does not exist
2026-04-16T11:35:39.890Z error: ::1 undefined undefined 500 /api/certificate/list - Internal Server Error!!SequelizeDatabaseError: column "filename" does not exist
2026-04-16T11:41:10.666Z error: ::1 undefined undefined 500 /api/certificate/list - Internal Server Error!!SequelizeDatabaseError: column "filename" does not exist
2026-04-16T12:21:46.568Z error: ::1 undefined undefined 500 /api/certificate/list - Internal Server Error!!SequelizeDatabaseError: column "filename" does not exist
2026-04-16T12:22:22.788Z error: ::1 undefined undefined 500 /api/certificate/list - Internal Server Error!!SequelizeDatabaseError: column "filename" does not exist
